<?xml version="1.0" encoding="UTF-8"?>
<testsuite xmlns:xsi="http://www.w3.org/2001/XMLSchema-instance" xsi:noNamespaceSchemaLocation="https://maven.apache.org/surefire/maven-surefire-plugin/xsd/surefire-test-report.xsd" version="3.0.2" name="TestSuite" time="19.628" tests="2" errors="0" skipped="0" failures="0">
  <properties>
    <property name="sun.desktop" value="windows"/>
    <property name="awt.toolkit" value="sun.awt.windows.WToolkit"/>
    <property name="java.specification.version" value="11"/>
    <property name="sun.cpu.isalist" value="amd64"/>
    <property name="sun.jnu.encoding" value="Cp1252"/>
    <property name="java.class.path" value="C:\Users\DELL\eclipse-workspace\opencart\target\test-classes;C:\Users\DELL\eclipse-workspace\opencart\target\classes;C:\Users\DELL\.m2\repository\org\seleniumhq\selenium\selenium-java\4.30.0\selenium-java-4.30.0.jar;C:\Users\DELL\.m2\repository\org\seleniumhq\selenium\selenium-api\4.30.0\selenium-api-4.30.0.jar;C:\Users\DELL\.m2\repository\org\jspecify\jspecify\1.0.0\jspecify-1.0.0.jar;C:\Users\DELL\.m2\repository\org\seleniumhq\selenium\selenium-chrome-driver\4.30.0\selenium-chrome-driver-4.30.0.jar;C:\Users\DELL\.m2\repository\com\google\auto\service\auto-service-annotations\1.1.1\auto-service-annotations-1.1.1.jar;C:\Users\DELL\.m2\repository\org\seleniumhq\selenium\selenium-chromium-driver\4.30.0\selenium-chromium-driver-4.30.0.jar;C:\Users\DELL\.m2\repository\org\seleniumhq\selenium\selenium-json\4.30.0\selenium-json-4.30.0.jar;C:\Users\DELL\.m2\repository\org\seleniumhq\selenium\selenium-manager\4.30.0\selenium-manager-4.30.0.jar;C:\Users\DELL\.m2\repository\org\seleniumhq\selenium\selenium-devtools-v132\4.30.0\selenium-devtools-v132-4.30.0.jar;C:\Users\DELL\.m2\repository\org\seleniumhq\selenium\selenium-devtools-v133\4.30.0\selenium-devtools-v133-4.30.0.jar;C:\Users\DELL\.m2\repository\org\seleniumhq\selenium\selenium-devtools-v134\4.30.0\selenium-devtools-v134-4.30.0.jar;C:\Users\DELL\.m2\repository\org\seleniumhq\selenium\selenium-edge-driver\4.30.0\selenium-edge-driver-4.30.0.jar;C:\Users\DELL\.m2\repository\org\seleniumhq\selenium\selenium-firefox-driver\4.30.0\selenium-firefox-driver-4.30.0.jar;C:\Users\DELL\.m2\repository\org\seleniumhq\selenium\selenium-http\4.30.0\selenium-http-4.30.0.jar;C:\Users\DELL\.m2\repository\org\seleniumhq\selenium\selenium-ie-driver\4.30.0\selenium-ie-driver-4.30.0.jar;C:\Users\DELL\.m2\repository\org\seleniumhq\selenium\selenium-remote-driver\4.30.0\selenium-remote-driver-4.30.0.jar;C:\Users\DELL\.m2\repository\com\google\guava\guava\33.4.5-jre\guava-33.4.5-jre.jar;C:\Users\DELL\.m2\repository\com\google\guava\failureaccess\1.0.3\failureaccess-1.0.3.jar;C:\Users\DELL\.m2\repository\com\google\guava\listenablefuture\9999.0-empty-to-avoid-conflict-with-guava\listenablefuture-9999.0-empty-to-avoid-conflict-with-guava.jar;C:\Users\DELL\.m2\repository\com\google\errorprone\error_prone_annotations\2.36.0\error_prone_annotations-2.36.0.jar;C:\Users\DELL\.m2\repository\com\google\j2objc\j2objc-annotations\3.0.0\j2objc-annotations-3.0.0.jar;C:\Users\DELL\.m2\repository\io\opentelemetry\opentelemetry-api\1.48.0\opentelemetry-api-1.48.0.jar;C:\Users\DELL\.m2\repository\io\opentelemetry\opentelemetry-context\1.48.0\opentelemetry-context-1.48.0.jar;C:\Users\DELL\.m2\repository\io\opentelemetry\opentelemetry-exporter-logging\1.48.0\opentelemetry-exporter-logging-1.48.0.jar;C:\Users\DELL\.m2\repository\io\opentelemetry\opentelemetry-sdk-common\1.48.0\opentelemetry-sdk-common-1.48.0.jar;C:\Users\DELL\.m2\repository\io\opentelemetry\opentelemetry-sdk-extension-autoconfigure-spi\1.48.0\opentelemetry-sdk-extension-autoconfigure-spi-1.48.0.jar;C:\Users\DELL\.m2\repository\io\opentelemetry\opentelemetry-sdk-extension-autoconfigure\1.48.0\opentelemetry-sdk-extension-autoconfigure-1.48.0.jar;C:\Users\DELL\.m2\repository\io\opentelemetry\opentelemetry-sdk-trace\1.48.0\opentelemetry-sdk-trace-1.48.0.jar;C:\Users\DELL\.m2\repository\io\opentelemetry\opentelemetry-sdk\1.48.0\opentelemetry-sdk-1.48.0.jar;C:\Users\DELL\.m2\repository\io\opentelemetry\opentelemetry-sdk-metrics\1.48.0\opentelemetry-sdk-metrics-1.48.0.jar;C:\Users\DELL\.m2\repository\io\opentelemetry\opentelemetry-sdk-logs\1.48.0\opentelemetry-sdk-logs-1.48.0.jar;C:\Users\DELL\.m2\repository\net\bytebuddy\byte-buddy\1.17.2\byte-buddy-1.17.2.jar;C:\Users\DELL\.m2\repository\org\seleniumhq\selenium\selenium-os\4.30.0\selenium-os-4.30.0.jar;C:\Users\DELL\.m2\repository\org\apache\commons\commons-exec\1.4.0\commons-exec-1.4.0.jar;C:\Users\DELL\.m2\repository\org\seleniumhq\selenium\selenium-safari-driver\4.30.0\selenium-safari-driver-4.30.0.jar;C:\Users\DELL\.m2\repository\org\seleniumhq\selenium\selenium-support\4.30.0\selenium-support-4.30.0.jar;C:\Users\DELL\.m2\repository\commons-io\commons-io\2.18.0\commons-io-2.18.0.jar;C:\Users\DELL\.m2\repository\org\apache\commons\commons-lang3\3.17.0\commons-lang3-3.17.0.jar;C:\Users\DELL\.m2\repository\org\apache\poi\poi\5.4.0\poi-5.4.0.jar;C:\Users\DELL\.m2\repository\commons-codec\commons-codec\1.17.1\commons-codec-1.17.1.jar;C:\Users\DELL\.m2\repository\org\apache\commons\commons-collections4\4.4\commons-collections4-4.4.jar;C:\Users\DELL\.m2\repository\org\apache\commons\commons-math3\3.6.1\commons-math3-3.6.1.jar;C:\Users\DELL\.m2\repository\com\zaxxer\SparseBitSet\1.3\SparseBitSet-1.3.jar;C:\Users\DELL\.m2\repository\org\apache\poi\poi-ooxml\5.4.0\poi-ooxml-5.4.0.jar;C:\Users\DELL\.m2\repository\org\apache\poi\poi-ooxml-lite\5.4.0\poi-ooxml-lite-5.4.0.jar;C:\Users\DELL\.m2\repository\org\apache\xmlbeans\xmlbeans\5.3.0\xmlbeans-5.3.0.jar;C:\Users\DELL\.m2\repository\org\apache\commons\commons-compress\1.27.1\commons-compress-1.27.1.jar;C:\Users\DELL\.m2\repository\com\github\virtuald\curvesapi\1.08\curvesapi-1.08.jar;C:\Users\DELL\.m2\repository\org\apache\logging\log4j\log4j-core\2.24.3\log4j-core-2.24.3.jar;C:\Users\DELL\.m2\repository\org\apache\logging\log4j\log4j-api\2.24.3\log4j-api-2.24.3.jar;C:\Users\DELL\.m2\repository\com\aventstack\extentreports\5.1.2\extentreports-5.1.2.jar;C:\Users\DELL\.m2\repository\io\reactivex\rxjava3\rxjava\3.1.6\rxjava-3.1.6.jar;C:\Users\DELL\.m2\repository\org\reactivestreams\reactive-streams\1.0.4\reactive-streams-1.0.4.jar;C:\Users\DELL\.m2\repository\org\freemarker\freemarker\2.3.32\freemarker-2.3.32.jar;C:\Users\DELL\.m2\repository\org\projectlombok\lombok\1.18.26\lombok-1.18.26.jar;C:\Users\DELL\.m2\repository\com\google\code\gson\gson\2.10.1\gson-2.10.1.jar;C:\Users\DELL\.m2\repository\org\testng\testng\7.11.0\testng-7.11.0.jar;C:\Users\DELL\.m2\repository\org\slf4j\slf4j-api\2.0.16\slf4j-api-2.0.16.jar;C:\Users\DELL\.m2\repository\org\jcommander\jcommander\1.83\jcommander-1.83.jar;C:\Users\DELL\.m2\repository\org\webjars\jquery\3.7.1\jquery-3.7.1.jar;"/>
    <property name="sun.awt.enableExtraMouseButtons" value="true"/>
    <property name="java.vm.vendor" value="Oracle Corporation"/>
    <property name="sun.arch.data.model" value="64"/>
    <property name="user.variant" value=""/>
    <property name="java.vendor.url" value="https://openjdk.java.net/"/>
    <property name="user.timezone" value="Asia/Calcutta"/>
    <property name="java.vm.specification.version" value="11"/>
    <property name="os.name" value="Windows 10"/>
    <property name="sun.java.launcher" value="SUN_STANDARD"/>
    <property name="user.country" value="IN"/>
    <property name="sun.boot.library.path" value="C:\Program Files\Java\jdk-11\bin"/>
    <property name="sun.java.command" value="C:\Users\DELL\AppData\Local\Temp\surefire1888840773298470663\surefirebooter-20250403122554254_3.jar C:\Users\DELL\AppData\Local\Temp\surefire1888840773298470663 2025-04-03T12-25-53_710-jvmRun1 surefire-20250403122554254_1tmp surefire_0-20250403122554254_2tmp"/>
    <property name="jdk.debug" value="release"/>
    <property name="surefire.test.class.path" value="C:\Users\DELL\eclipse-workspace\opencart\target\test-classes;C:\Users\DELL\eclipse-workspace\opencart\target\classes;C:\Users\DELL\.m2\repository\org\seleniumhq\selenium\selenium-java\4.30.0\selenium-java-4.30.0.jar;C:\Users\DELL\.m2\repository\org\seleniumhq\selenium\selenium-api\4.30.0\selenium-api-4.30.0.jar;C:\Users\DELL\.m2\repository\org\jspecify\jspecify\1.0.0\jspecify-1.0.0.jar;C:\Users\DELL\.m2\repository\org\seleniumhq\selenium\selenium-chrome-driver\4.30.0\selenium-chrome-driver-4.30.0.jar;C:\Users\DELL\.m2\repository\com\google\auto\service\auto-service-annotations\1.1.1\auto-service-annotations-1.1.1.jar;C:\Users\DELL\.m2\repository\org\seleniumhq\selenium\selenium-chromium-driver\4.30.0\selenium-chromium-driver-4.30.0.jar;C:\Users\DELL\.m2\repository\org\seleniumhq\selenium\selenium-json\4.30.0\selenium-json-4.30.0.jar;C:\Users\DELL\.m2\repository\org\seleniumhq\selenium\selenium-manager\4.30.0\selenium-manager-4.30.0.jar;C:\Users\DELL\.m2\repository\org\seleniumhq\selenium\selenium-devtools-v132\4.30.0\selenium-devtools-v132-4.30.0.jar;C:\Users\DELL\.m2\repository\org\seleniumhq\selenium\selenium-devtools-v133\4.30.0\selenium-devtools-v133-4.30.0.jar;C:\Users\DELL\.m2\repository\org\seleniumhq\selenium\selenium-devtools-v134\4.30.0\selenium-devtools-v134-4.30.0.jar;C:\Users\DELL\.m2\repository\org\seleniumhq\selenium\selenium-edge-driver\4.30.0\selenium-edge-driver-4.30.0.jar;C:\Users\DELL\.m2\repository\org\seleniumhq\selenium\selenium-firefox-driver\4.30.0\selenium-firefox-driver-4.30.0.jar;C:\Users\DELL\.m2\repository\org\seleniumhq\selenium\selenium-http\4.30.0\selenium-http-4.30.0.jar;C:\Users\DELL\.m2\repository\org\seleniumhq\selenium\selenium-ie-driver\4.30.0\selenium-ie-driver-4.30.0.jar;C:\Users\DELL\.m2\repository\org\seleniumhq\selenium\selenium-remote-driver\4.30.0\selenium-remote-driver-4.30.0.jar;C:\Users\DELL\.m2\repository\com\google\guava\guava\33.4.5-jre\guava-33.4.5-jre.jar;C:\Users\DELL\.m2\repository\com\google\guava\failureaccess\1.0.3\failureaccess-1.0.3.jar;C:\Users\DELL\.m2\repository\com\google\guava\listenablefuture\9999.0-empty-to-avoid-conflict-with-guava\listenablefuture-9999.0-empty-to-avoid-conflict-with-guava.jar;C:\Users\DELL\.m2\repository\com\google\errorprone\error_prone_annotations\2.36.0\error_prone_annotations-2.36.0.jar;C:\Users\DELL\.m2\repository\com\google\j2objc\j2objc-annotations\3.0.0\j2objc-annotations-3.0.0.jar;C:\Users\DELL\.m2\repository\io\opentelemetry\opentelemetry-api\1.48.0\opentelemetry-api-1.48.0.jar;C:\Users\DELL\.m2\repository\io\opentelemetry\opentelemetry-context\1.48.0\opentelemetry-context-1.48.0.jar;C:\Users\DELL\.m2\repository\io\opentelemetry\opentelemetry-exporter-logging\1.48.0\opentelemetry-exporter-logging-1.48.0.jar;C:\Users\DELL\.m2\repository\io\opentelemetry\opentelemetry-sdk-common\1.48.0\opentelemetry-sdk-common-1.48.0.jar;C:\Users\DELL\.m2\repository\io\opentelemetry\opentelemetry-sdk-extension-autoconfigure-spi\1.48.0\opentelemetry-sdk-extension-autoconfigure-spi-1.48.0.jar;C:\Users\DELL\.m2\repository\io\opentelemetry\opentelemetry-sdk-extension-autoconfigure\1.48.0\opentelemetry-sdk-extension-autoconfigure-1.48.0.jar;C:\Users\DELL\.m2\repository\io\opentelemetry\opentelemetry-sdk-trace\1.48.0\opentelemetry-sdk-trace-1.48.0.jar;C:\Users\DELL\.m2\repository\io\opentelemetry\opentelemetry-sdk\1.48.0\opentelemetry-sdk-1.48.0.jar;C:\Users\DELL\.m2\repository\io\opentelemetry\opentelemetry-sdk-metrics\1.48.0\opentelemetry-sdk-metrics-1.48.0.jar;C:\Users\DELL\.m2\repository\io\opentelemetry\opentelemetry-sdk-logs\1.48.0\opentelemetry-sdk-logs-1.48.0.jar;C:\Users\DELL\.m2\repository\net\bytebuddy\byte-buddy\1.17.2\byte-buddy-1.17.2.jar;C:\Users\DELL\.m2\repository\org\seleniumhq\selenium\selenium-os\4.30.0\selenium-os-4.30.0.jar;C:\Users\DELL\.m2\repository\org\apache\commons\commons-exec\1.4.0\commons-exec-1.4.0.jar;C:\Users\DELL\.m2\repository\org\seleniumhq\selenium\selenium-safari-driver\4.30.0\selenium-safari-driver-4.30.0.jar;C:\Users\DELL\.m2\repository\org\seleniumhq\selenium\selenium-support\4.30.0\selenium-support-4.30.0.jar;C:\Users\DELL\.m2\repository\commons-io\commons-io\2.18.0\commons-io-2.18.0.jar;C:\Users\DELL\.m2\repository\org\apache\commons\commons-lang3\3.17.0\commons-lang3-3.17.0.jar;C:\Users\DELL\.m2\repository\org\apache\poi\poi\5.4.0\poi-5.4.0.jar;C:\Users\DELL\.m2\repository\commons-codec\commons-codec\1.17.1\commons-codec-1.17.1.jar;C:\Users\DELL\.m2\repository\org\apache\commons\commons-collections4\4.4\commons-collections4-4.4.jar;C:\Users\DELL\.m2\repository\org\apache\commons\commons-math3\3.6.1\commons-math3-3.6.1.jar;C:\Users\DELL\.m2\repository\com\zaxxer\SparseBitSet\1.3\SparseBitSet-1.3.jar;C:\Users\DELL\.m2\repository\org\apache\poi\poi-ooxml\5.4.0\poi-ooxml-5.4.0.jar;C:\Users\DELL\.m2\repository\org\apache\poi\poi-ooxml-lite\5.4.0\poi-ooxml-lite-5.4.0.jar;C:\Users\DELL\.m2\repository\org\apache\xmlbeans\xmlbeans\5.3.0\xmlbeans-5.3.0.jar;C:\Users\DELL\.m2\repository\org\apache\commons\commons-compress\1.27.1\commons-compress-1.27.1.jar;C:\Users\DELL\.m2\repository\com\github\virtuald\curvesapi\1.08\curvesapi-1.08.jar;C:\Users\DELL\.m2\repository\org\apache\logging\log4j\log4j-core\2.24.3\log4j-core-2.24.3.jar;C:\Users\DELL\.m2\repository\org\apache\logging\log4j\log4j-api\2.24.3\log4j-api-2.24.3.jar;C:\Users\DELL\.m2\repository\com\aventstack\extentreports\5.1.2\extentreports-5.1.2.jar;C:\Users\DELL\.m2\repository\io\reactivex\rxjava3\rxjava\3.1.6\rxjava-3.1.6.jar;C:\Users\DELL\.m2\repository\org\reactivestreams\reactive-streams\1.0.4\reactive-streams-1.0.4.jar;C:\Users\DELL\.m2\repository\org\freemarker\freemarker\2.3.32\freemarker-2.3.32.jar;C:\Users\DELL\.m2\repository\org\projectlombok\lombok\1.18.26\lombok-1.18.26.jar;C:\Users\DELL\.m2\repository\com\google\code\gson\gson\2.10.1\gson-2.10.1.jar;C:\Users\DELL\.m2\repository\org\testng\testng\7.11.0\testng-7.11.0.jar;C:\Users\DELL\.m2\repository\org\slf4j\slf4j-api\2.0.16\slf4j-api-2.0.16.jar;C:\Users\DELL\.m2\repository\org\jcommander\jcommander\1.83\jcommander-1.83.jar;C:\Users\DELL\.m2\repository\org\webjars\jquery\3.7.1\jquery-3.7.1.jar;"/>
    <property name="sun.cpu.endian" value="little"/>
    <property name="user.home" value="C:\Users\DELL"/>
    <property name="user.language" value="en"/>
    <property name="java.specification.vendor" value="Oracle Corporation"/>
    <property name="java.version.date" value="2024-10-15"/>
    <property name="java.home" value="C:\Program Files\Java\jdk-11"/>
    <property name="file.separator" value="\"/>
    <property name="basedir" value="C:\Users\DELL\eclipse-workspace\opencart"/>
    <property name="java.vm.compressedOopsMode" value="Zero based"/>
    <property name="line.separator" value="&#10;"/>
    <property name="java.specification.name" value="Java Platform API Specification"/>
    <property name="java.vm.specification.vendor" value="Oracle Corporation"/>
    <property name="java.awt.graphicsenv" value="sun.awt.Win32GraphicsEnvironment"/>
    <property name="surefire.real.class.path" value="C:\Users\DELL\AppData\Local\Temp\surefire1888840773298470663\surefirebooter-20250403122554254_3.jar"/>
    <property name="user.script" value=""/>
    <property name="sun.management.compiler" value="HotSpot 64-Bit Tiered Compilers"/>
    <property name="java.runtime.version" value="11.0.25+9-LTS-256"/>
    <property name="user.name" value="DELL"/>
    <property name="path.separator" value=";"/>
    <property name="os.version" value="10.0"/>
    <property name="java.runtime.name" value="Java(TM) SE Runtime Environment"/>
    <property name="file.encoding" value="Cp1252"/>
    <property name="java.vm.name" value="Java HotSpot(TM) 64-Bit Server VM"/>
    <property name="java.vendor.version" value="18.9"/>
    <property name="localRepository" value="C:\Users\DELL\.m2\repository"/>
    <property name="java.vendor.url.bug" value="https://bugreport.java.com/bugreport/"/>
    <property name="java.io.tmpdir" value="C:\Users\DELL\AppData\Local\Temp\"/>
    <property name="java.version" value="11.0.25"/>
    <property name="user.dir" value="C:\Users\DELL\eclipse-workspace\opencart"/>
    <property name="os.arch" value="amd64"/>
    <property name="java.vm.specification.name" value="Java Virtual Machine Specification"/>
    <property name="java.awt.printerjob" value="sun.awt.windows.WPrinterJob"/>
    <property name="sun.os.patch.level" value=""/>
    <property name="java.library.path" value="C:\Program Files\Java\jdk-11\bin;C:\Windows\Sun\Java\bin;C:\Windows\system32;C:\Windows;C:\Program Files\Common Files\Oracle\Java\javapath;C:\Windows\system32;C:\Windows;C:\Windows\System32\Wbem;C:\Windows\System32\WindowsPowerShell\v1.0\;C:\Windows\System32\OpenSSH\;C:\Program Files\Java\jdk-11\bin;C:\Program Files\nodejs\;C:\apache-maven-3.9.9\bin;C:\Users\DELL\AppData\Local\Microsoft\WindowsApps;C:\Users\DELL\AppData\Roaming\npm;."/>
    <property name="java.vendor" value="Oracle Corporation"/>
    <property name="java.vm.info" value="mixed mode"/>
    <property name="java.vm.version" value="11.0.25+9-LTS-256"/>
    <property name="java.specification.maintenance.version" value="3"/>
    <property name="sun.io.unicode.encoding" value="UnicodeLittle"/>
    <property name="java.class.version" value="55.0"/>
  </properties>
  <testcase name="verify_account_registration" classname="testCases.TC_001_AccountRegistrationTest" time="4.717">
    <system-err><![CDATA[SLF4J(W): No SLF4J providers were found.
SLF4J(W): Defaulting to no-operation (NOP) logger implementation
SLF4J(W): See https://www.slf4j.org/codes.html#noProviders for further details.
Apr 03, 2025 12:26:02 PM org.openqa.selenium.devtools.CdpVersionFinder findNearestMatch
WARNING: Unable to find an exact match for CDP version 135, returning the closest version; found: 134; Please update to a Selenium version that supports CDP version 135
]]></system-err>
  </testcase>
  <testcase name="verify_login" classname="testCases.TC_002_LoginTest" time="1.808">
    <system-err><![CDATA[Apr 03, 2025 12:26:08 PM org.openqa.selenium.remote.http.WebSocket$Listener onError
WARNING: An existing connection was forcibly closed by the remote host
java.io.IOException: An existing connection was forcibly closed by the remote host
	at java.base/sun.nio.ch.SocketDispatcher.read0(Native Method)
	at java.base/sun.nio.ch.SocketDispatcher.read(SocketDispatcher.java:43)
	at java.base/sun.nio.ch.IOUtil.readIntoNativeBuffer(IOUtil.java:276)
	at java.base/sun.nio.ch.IOUtil.read(IOUtil.java:245)
	at java.base/sun.nio.ch.IOUtil.read(IOUtil.java:223)
	at java.base/sun.nio.ch.SocketChannelImpl.read(SocketChannelImpl.java:358)
	at java.net.http/jdk.internal.net.http.SocketTube.readAvailable(SocketTube.java:1153)
	at java.net.http/jdk.internal.net.http.SocketTube$InternalReadPublisher$InternalReadSubscription.read(SocketTube.java:821)
	at java.net.http/jdk.internal.net.http.SocketTube$SocketFlowTask.run(SocketTube.java:175)
	at java.net.http/jdk.internal.net.http.common.SequentialScheduler$SchedulableTask.run(SequentialScheduler.java:198)
	at java.net.http/jdk.internal.net.http.common.SequentialScheduler.runOrSchedule(SequentialScheduler.java:271)
	at java.net.http/jdk.internal.net.http.common.SequentialScheduler.runOrSchedule(SequentialScheduler.java:224)
	at java.net.http/jdk.internal.net.http.SocketTube$InternalReadPublisher$InternalReadSubscription.signalReadable(SocketTube.java:763)
	at java.net.http/jdk.internal.net.http.SocketTube$InternalReadPublisher$ReadEvent.signalEvent(SocketTube.java:941)
	at java.net.http/jdk.internal.net.http.SocketTube$SocketFlowEvent.handle(SocketTube.java:245)
	at java.net.http/jdk.internal.net.http.HttpClientImpl$SelectorManager.handleEvent(HttpClientImpl.java:960)
	at java.net.http/jdk.internal.net.http.HttpClientImpl$SelectorManager.lambda$run$3(HttpClientImpl.java:915)
	at java.base/java.util.ArrayList.forEach(ArrayList.java:1541)
	at java.net.http/jdk.internal.net.http.HttpClientImpl$SelectorManager.run(HttpClientImpl.java:915)

Apr 03, 2025 12:26:10 PM org.openqa.selenium.devtools.CdpVersionFinder findNearestMatch
WARNING: Unable to find an exact match for CDP version 135, returning the closest version; found: 134; Please update to a Selenium version that supports CDP version 135
]]></system-err>
  </testcase>
</testsuite>