<?xml version="1.0" encoding="UTF-8"?>
<!-- Generated by org.testng.reporters.JUnitReportReporter -->
<testsuite hostname="DESKTOP-R1DC1G3" failures="0" tests="1" name="testCases.TC_002_LoginTest" time="2.108" errors="0" timestamp="2025-04-03T10:53:17 IST" skipped="0">
  <testcase classname="testCases.TC_002_LoginTest" name="verify_login" time="2.108"/>
</testsuite> <!-- testCases.TC_002_LoginTest -->
