<?xml version="1.0" encoding="UTF-8"?>
<!-- Generated by org.testng.reporters.JUnitReportReporter -->
<testsuite hostname="DESKTOP-R1DC1G3" failures="0" tests="1" name="testCases.TC_001_AccountRegistrationTest" time="5.256" errors="0" timestamp="2025-04-03T10:53:17 IST" skipped="0">
  <testcase classname="testCases.TC_001_AccountRegistrationTest" name="verify_account_registration" time="5.256"/>
</testsuite> <!-- testCases.TC_001_AccountRegistrationTest -->
