<?xml version="1.0" encoding="UTF-8"?>
<!-- Generated by org.testng.reporters.JUnitReportReporter -->
<testsuite hostname="DESKTOP-R1DC1G3" failures="0" tests="5" name="testCases.TC_003_LoginDTT" time="46.295" errors="0" timestamp="2025-04-01T16:44:00 IST" skipped="0">
  <testcase classname="testCases.TC_003_LoginDTT" name="verify_loginDDT" time="10.956"/>
  <testcase classname="testCases.TC_003_LoginDTT" name="verify_loginDDT" time="2.083"/>
  <testcase classname="testCases.TC_003_LoginDTT" name="verify_loginDDT" time="11.002"/>
  <testcase classname="testCases.TC_003_LoginDTT" name="verify_loginDDT" time="10.931"/>
  <testcase classname="testCases.TC_003_LoginDTT" name="verify_loginDDT" time="11.323"/>
</testsuite> <!-- testCases.TC_003_LoginDTT -->
