<?xml version="1.0" encoding="UTF-8"?>
<!-- Generated by org.testng.reporters.JUnitReportReporter -->
<testsuite hostname="DESKTOP-R1DC1G3" failures="0" tests="1" name="testCases.TC_001_AccountRegistrationTest" time="4.685" errors="0" timestamp="2025-04-03T12:26:15 IST" skipped="0">
  <testcase classname="testCases.TC_001_AccountRegistrationTest" name="verify_account_registration" time="4.685"/>
</testsuite> <!-- testCases.TC_001_AccountRegistrationTest -->
