<?xml version="1.0" encoding="UTF-8"?>
<!-- Generated by org.testng.reporters.JUnitReportReporter -->
<testsuite hostname="DESKTOP-R1DC1G3" failures="0" tests="1" name="testCases.TC_002_LoginTest" time="1.808" errors="0" timestamp="2025-04-03T12:26:15 IST" skipped="0">
  <testcase classname="testCases.TC_002_LoginTest" name="verify_login" time="1.808"/>
</testsuite> <!-- testCases.TC_002_LoginTest -->
